#
# A fatal error has been detected by the Java Runtime Environment:
#
#  EXCEPTION_ACCESS_VIOLATION (0xc0000005) at pc=0x00007ffe4c71d43a, pid=10544, tid=8960
#
# JRE version: OpenJDK Runtime Environment Temurin-17.0.2+8 (17.0.2+8) (build 17.0.2+8)
# Java VM: OpenJDK 64-Bit Server VM Temurin-17.0.2+8 (17.0.2+8, mixed mode, tiered, compressed oops, compressed class ptrs, parallel gc, windows-amd64)
# Problematic frame:
# V  [jvm.dll+0x21d43a]
#
# No core dump will be written. Minidumps are not enabled by default on client versions of Windows
#
# If you would like to submit a bug report, please visit:
#   https://github.com/adoptium/adoptium-support/issues
#

---------------  S U M M A R Y ------------

Command Line: --add-modules=ALL-SYSTEM --add-opens=java.base/java.util=ALL-UNNAMED --add-opens=java.base/java.lang=ALL-UNNAMED --add-opens=java.base/sun.nio.fs=ALL-UNNAMED -Declipse.application=org.eclipse.jdt.ls.core.id1 -Dosgi.bundles.defaultStartLevel=4 -Declipse.product=org.eclipse.jdt.ls.core.product -Djava.import.generatesMetadataFilesAtProjectRoot=false -Dfile.encoding=utf8 -DwatchParentProcess=false -XX:+UseParallelGC -XX:GCTimeRatio=4 -XX:AdaptiveSizePolicyWeight=90 -Dsun.zip.disableMemoryMapping=true -Xmx1G -Xms100m -XX:+HeapDumpOnOutOfMemoryError -XX:HeapDumpPath=c:\Users\novia\AppData\Roaming\Code\User\workspaceStorage\cb1c70eea823bfaa06281cd6ed39a6a9\redhat.java c:\Users\novia\.vscode\extensions\redhat.java-1.6.0-win32-x64\server\plugins\org.eclipse.equinox.launcher_1.6.400.v20210924-0641.jar -configuration c:\Users\novia\AppData\Roaming\Code\User\globalStorage\redhat.java\1.6.0\config_win -data c:\Users\novia\AppData\Roaming\Code\User\workspaceStorage\cb1c70eea823bfaa06281cd6ed39a6a9\redhat.java\jdt_ws

Host: Intel(R) Celeron(R) CPU 1007U @ 1.50GHz, 2 cores, 5G,  Windows 10 , 64 bit Build 19041 (10.0.19041.1706)
Time: Sun May 15 23:36:22 2022 SE Asia Standard Time elapsed time: 3395.112500 seconds (0d 0h 56m 35s)

---------------  T H R E A D  ---------------

Current thread (0x00000255a48f00e0):  JavaThread "C2 CompilerThread0" daemon [_thread_in_native, id=8960, stack(0x000000ce19e00000,0x000000ce19f00000)]


Current CompileTask:
C2:3395112 9502   !   4       org.eclipse.jdt.internal.core.search.indexing.BinaryIndexer::indexDocument (1144 bytes)

Stack: [0x000000ce19e00000,0x000000ce19f00000],  sp=0x000000ce19efb310,  free space=1004k
Native frames: (J=compiled Java code, j=interpreted, Vv=VM code, C=native code)
V  [jvm.dll+0x21d43a]
V  [jvm.dll+0x21be02]
V  [jvm.dll+0x21a217]
V  [jvm.dll+0x2173eb]
V  [jvm.dll+0x1a3a8d]
V  [jvm.dll+0x226ef8]
V  [jvm.dll+0x22503c]
V  [jvm.dll+0x7e596b]
V  [jvm.dll+0x7dff2a]
V  [jvm.dll+0x6744d5]
C  [ucrtbase.dll+0x21bb2]
C  [KERNEL32.DLL+0x17034]
C  [ntdll.dll+0x52651]


siginfo: EXCEPTION_ACCESS_VIOLATION (0xc0000005), reading address 0x00000254aa340978


Register to memory mapping:

RIP=0x00007ffe4c71d43a jvm.dll
RAX=0x00000254aa340978 is an unknown value
RBX=0x00000255aa340938 points into unknown readable memory: 0x00007ffe4ce12948 | 48 29 e1 4c fe 7f 00 00
RCX=0x0 is NULL
RDX=0x00000255a5e0fdd4 points into unknown readable memory: 80 01 01 00
RSP=0x000000ce19efb310 is pointing into the stack for thread: 0x00000255a48f00e0
RBP=0x000000ce19efb388 is pointing into the stack for thread: 0x00000255a48f00e0
RSI=0x00007ffe4c500000 jvm.dll
RDI=0x00000255aa340938 points into unknown readable memory: 0x00007ffe4ce12948 | 48 29 e1 4c fe 7f 00 00
R8 =0x000000ce19efb408 is pointing into the stack for thread: 0x00000255a48f00e0
R9 =0x0 is NULL
R10=0x0000000000000021 is an unknown value
R11=0x0000000000000001 is an unknown value
R12=0x0000000000000002 is an unknown value
R13=0x000000ce19efb3f0 is pointing into the stack for thread: 0x00000255a48f00e0
R14=0x0000000000000001 is an unknown value
R15=0x000000ce19efb450 is pointing into the stack for thread: 0x00000255a48f00e0


Registers:
RAX=0x00000254aa340978, RBX=0x00000255aa340938, RCX=0x0000000000000000, RDX=0x00000255a5e0fdd4
RSP=0x000000ce19efb310, RBP=0x000000ce19efb388, RSI=0x00007ffe4c500000, RDI=0x00000255aa340938
R8 =0x000000ce19efb408, R9 =0x0000000000000000, R10=0x0000000000000021, R11=0x0000000000000001
R12=0x0000000000000002, R13=0x000000ce19efb3f0, R14=0x0000000000000001, R15=0x000000ce19efb450
RIP=0x00007ffe4c71d43a, EFLAGS=0x0000000000010203

Top of Stack: (sp=0x000000ce19efb310)
0x000000ce19efb310:   00000255a67ab0f8 00007ffe4c500000
0x000000ce19efb320:   00000255a67aa3d8 0000000000013d60
0x000000ce19efb330:   00000255a48ef3c0 0000000000000040
0x000000ce19efb340:   00000255a5e117b0 0000000000000032
0x000000ce19efb350:   0000000000000400 00000255a5e107b0
0x000000ce19efb360:   0000000000000400 00000255a48ef3c0
0x000000ce19efb370:   0000000000000000 0000000000000000
0x000000ce19efb380:   0000000000000000 0000000000000048
0x000000ce19efb390:   0000000000000002 0000000000000000
0x000000ce19efb3a0:   00000255a4838cf0 00000255a48ef3c0
0x000000ce19efb3b0:   00000255aa0140a0 0000000000013d60
0x000000ce19efb3c0:   000000ce19efea00 00007ffe4c71be02
0x000000ce19efb3d0:   000000ce19efea00 000000ce19efb408
0x000000ce19efb3e0:   00000255a4838d38 000000ce19efb3f0
0x000000ce19efb3f0:   0000000000000007 0000001100000000
0x000000ce19efb400:   000000000000000c 0000000000000400 

Instructions: (pc=0x00007ffe4c71d43a)
0x00007ffe4c71d33a:   8b 05 78 be 98 00 4d 8b e9 4c 8b fa 4a 8b 3c c0
0x00007ffe4c71d34a:   b8 48 00 00 00 48 03 c7 48 89 45 58 80 38 00 75
0x00007ffe4c71d35a:   05 e8 4c de 66 00 b8 18 00 00 00 48 8b 04 38 48
0x00007ffe4c71d36a:   8b b8 30 02 00 00 48 89 7d a8 c7 45 b0 04 00 00
0x00007ffe4c71d37a:   00 48 8b 47 18 48 83 f8 df 76 18 4c 8d 05 94 13
0x00007ffe4c71d38a:   6f 00 ba 20 00 00 00 48 8b cf e8 b7 f2 e8 ff 48
0x00007ffe4c71d39a:   8b 47 18 48 8d 48 20 48 3b 4f 20 76 11 45 33 c0
0x00007ffe4c71d3aa:   48 8b cf 41 8d 50 20 e8 1a ef e8 ff eb 04 48 89
0x00007ffe4c71d3ba:   4f 18 44 8b 45 b0 33 d2 49 c1 e0 03 48 8b c8 48
0x00007ffe4c71d3ca:   89 45 b8 e8 b0 ef 66 00 45 33 f6 48 8d 4d c8 44
0x00007ffe4c71d3da:   89 75 c0 e8 1e be 5f 00 8b 73 28 4d 8d 45 18 8b
0x00007ffe4c71d3ea:   fe 44 89 75 e8 c1 ef 05 4c 89 45 50 41 3b 38 72
0x00007ffe4c71d3fa:   0e 8b d7 49 8b c8 e8 5b be 5f 00 4c 8b 45 50 49
0x00007ffe4c71d40a:   8b 40 08 83 e6 1f 48 8d 14 b8 8b 04 b8 0f ab f0
0x00007ffe4c71d41a:   89 02 44 8b 63 18 48 8d 35 d9 2b de ff 45 3b f4
0x00007ffe4c71d42a:   0f 83 40 01 00 00 48 8b 43 08 41 8b ce 41 ff c6
0x00007ffe4c71d43a:   48 8b 3c c8 48 85 ff 74 e4 44 8b 6f 28 41 8b f5
0x00007ffe4c71d44a:   c1 ee 05 41 3b 30 72 0a 8b d6 49 8b c8 e8 04 be
0x00007ffe4c71d45a:   5f 00 41 83 e5 1f 41 b8 01 00 00 00 41 0f b6 cd
0x00007ffe4c71d46a:   4c 8b 6d 60 41 d3 e0 49 8b 45 20 8b 0c b0 48 8d
0x00007ffe4c71d47a:   14 b0 8b c1 48 8d 35 7b 2b de ff 41 0b c0 41 85
0x00007ffe4c71d48a:   c8 89 02 4c 8b 45 50 75 94 8b 47 2c 83 e0 03 3c
0x00007ffe4c71d49a:   03 0f 85 9d 00 00 00 48 8b 07 48 8b cf ff 90 88
0x00007ffe4c71d4aa:   00 00 00 48 85 c0 0f 84 88 00 00 00 48 8b 07 48
0x00007ffe4c71d4ba:   8b cf ff 90 88 00 00 00 48 8b c8 e8 c6 de f8 ff
0x00007ffe4c71d4ca:   48 8b 4d 48 39 81 d0 08 00 00 7d 06 89 81 d0 08
0x00007ffe4c71d4da:   00 00 44 8b 67 28 41 8b f4 c1 ee 05 3b 75 c8 72
0x00007ffe4c71d4ea:   0b 8b d6 48 8d 4d c8 e8 6a bd 5f 00 48 8b 45 d0
0x00007ffe4c71d4fa:   41 83 e4 1f 48 8d 14 b0 41 0f b6 cc 41 b8 01 00
0x00007ffe4c71d50a:   00 00 41 d3 e0 8b 0a 8b c1 41 0b c0 89 02 41 85
0x00007ffe4c71d51a:   c8 75 21 8b 75 c0 8d 46 01 89 45 c0 3b 75 b0 72
0x00007ffe4c71d52a:   0b 8b d6 48 8d 4d a8 e8 5a 57 43 00 48 8b 45 b8 


Stack slot to memory mapping:
stack at sp + 0 slots: 0x00000255a67ab0f8 points into unknown readable memory: 0x00007ffe4ce12948 | 48 29 e1 4c fe 7f 00 00
stack at sp + 1 slots: 0x00007ffe4c500000 jvm.dll
stack at sp + 2 slots: 0x00000255a67aa3d8 points into unknown readable memory: 0x00007ffe4ce12da8 | a8 2d e1 4c fe 7f 00 00
stack at sp + 3 slots: 0x0000000000013d60 is an unknown value
stack at sp + 4 slots: 0x00000255a48ef3c0 points into unknown readable memory: 0x0000000000000006 | 06 00 00 00 00 00 00 00
stack at sp + 5 slots: 0x0000000000000040 is an unknown value
stack at sp + 6 slots: 0x00000255a5e117b0 points into unknown readable memory: 0x00000255b5ee2840 | 40 28 ee b5 55 02 00 00
stack at sp + 7 slots: 0x0000000000000032 is an unknown value


---------------  P R O C E S S  ---------------

Threads class SMR info:
_java_thread_list=0x00000255a67a4b80, length=26, elements={
0x000002558eb8f900, 0x00000255a48bfa30, 0x00000255a48c07b0, 0x00000255a48e9150,
0x00000255a48e9ed0, 0x00000255a48ecb60, 0x00000255a48ee430, 0x00000255a48f00e0,
0x00000255a494e510, 0x00000255a4950a30, 0x00000255a49779f0, 0x00000255a5e47cb0,
0x00000255a5fba080, 0x00000255a6062370, 0x00000255a5f5ccf0, 0x00000255a5fdd2e0,
0x00000255a77bff80, 0x00000255a78b4c10, 0x00000255a63706c0, 0x00000255a6371530,
0x00000255a6371060, 0x00000255a6371a00, 0x00000255a9ad1bb0, 0x00000255a9ad0d40,
0x00000255a9ad1210, 0x00000255a9ad63e0
}

Java Threads: ( => current thread )
  0x000002558eb8f900 JavaThread "main" [_thread_blocked, id=9132, stack(0x000000ce19400000,0x000000ce19500000)]
  0x00000255a48bfa30 JavaThread "Reference Handler" daemon [_thread_blocked, id=7840, stack(0x000000ce19800000,0x000000ce19900000)]
  0x00000255a48c07b0 JavaThread "Finalizer" daemon [_thread_blocked, id=7912, stack(0x000000ce19900000,0x000000ce19a00000)]
  0x00000255a48e9150 JavaThread "Signal Dispatcher" daemon [_thread_blocked, id=8728, stack(0x000000ce19a00000,0x000000ce19b00000)]
  0x00000255a48e9ed0 JavaThread "Attach Listener" daemon [_thread_blocked, id=5900, stack(0x000000ce19b00000,0x000000ce19c00000)]
  0x00000255a48ecb60 JavaThread "Service Thread" daemon [_thread_blocked, id=5852, stack(0x000000ce19c00000,0x000000ce19d00000)]
  0x00000255a48ee430 JavaThread "Monitor Deflation Thread" daemon [_thread_blocked, id=11744, stack(0x000000ce19d00000,0x000000ce19e00000)]
=>0x00000255a48f00e0 JavaThread "C2 CompilerThread0" daemon [_thread_in_native, id=8960, stack(0x000000ce19e00000,0x000000ce19f00000)]
  0x00000255a494e510 JavaThread "C1 CompilerThread0" daemon [_thread_blocked, id=5184, stack(0x000000ce19f00000,0x000000ce1a000000)]
  0x00000255a4950a30 JavaThread "Sweeper thread" daemon [_thread_blocked, id=7140, stack(0x000000ce1a000000,0x000000ce1a100000)]
  0x00000255a49779f0 JavaThread "Common-Cleaner" daemon [_thread_blocked, id=588, stack(0x000000ce1a100000,0x000000ce1a200000)]
  0x00000255a5e47cb0 JavaThread "Notification Thread" daemon [_thread_blocked, id=4692, stack(0x000000ce1a200000,0x000000ce1a300000)]
  0x00000255a5fba080 JavaThread "Active Thread: Equinox Container: 48d18793-35c4-43f8-ad1f-2f9e1b260937" [_thread_blocked, id=8604, stack(0x000000ce1a400000,0x000000ce1a500000)]
  0x00000255a6062370 JavaThread "Framework Event Dispatcher: Equinox Container: 48d18793-35c4-43f8-ad1f-2f9e1b260937" daemon [_thread_blocked, id=8120, stack(0x000000ce1a600000,0x000000ce1a700000)]
  0x00000255a5f5ccf0 JavaThread "Start Level: Equinox Container: 48d18793-35c4-43f8-ad1f-2f9e1b260937" daemon [_thread_blocked, id=1288, stack(0x000000ce1a700000,0x000000ce1a800000)]
  0x00000255a5fdd2e0 JavaThread "SCR Component Actor" daemon [_thread_blocked, id=9740, stack(0x000000ce1a800000,0x000000ce1a900000)]
  0x00000255a77bff80 JavaThread "Bundle File Closer" daemon [_thread_blocked, id=1744, stack(0x000000ce1aa00000,0x000000ce1ab00000)]
  0x00000255a78b4c10 JavaThread "Worker-JM" [_thread_blocked, id=9184, stack(0x000000ce1ab00000,0x000000ce1ac00000)]
  0x00000255a63706c0 JavaThread "Worker-1" [_thread_blocked, id=9900, stack(0x000000ce1ad00000,0x000000ce1ae00000)]
  0x00000255a6371530 JavaThread "Java indexing" daemon [_thread_blocked, id=5388, stack(0x000000ce1ae00000,0x000000ce1af00000)]
  0x00000255a6371060 JavaThread "pool-2-thread-1" [_thread_in_native, id=9144, stack(0x000000ce1b100000,0x000000ce1b200000)]
  0x00000255a6371a00 JavaThread "Worker-3" [_thread_blocked, id=7624, stack(0x000000ce1b200000,0x000000ce1b300000)]
  0x00000255a9ad1bb0 JavaThread "Java Debug Server" [_thread_in_native, id=5884, stack(0x000000ce1af00000,0x000000ce1b000000)]
  0x00000255a9ad0d40 JavaThread "RxSchedulerPurge-1" daemon [_thread_blocked, id=5720, stack(0x000000ce1b600000,0x000000ce1b700000)]
  0x00000255a9ad1210 JavaThread "RxCachedWorkerPoolEvictor-1" daemon [_thread_blocked, id=3524, stack(0x000000ce1b700000,0x000000ce1b800000)]
  0x00000255a9ad63e0 JavaThread "Worker-6" [_thread_blocked, id=4092, stack(0x000000ce19300000,0x000000ce19400000)]

Other Threads:
  0x00000255a4837a80 VMThread "VM Thread" [stack: 0x000000ce19700000,0x000000ce19800000] [id=12180]
  0x00000255a5dcd2d0 WatcherThread [stack: 0x000000ce1a300000,0x000000ce1a400000] [id=816]
  0x000002558eba65f0 GCTaskThread "GC Thread#0" [stack: 0x000000ce19600000,0x000000ce19700000] [id=9732]
  0x00000255a65e31b0 GCTaskThread "GC Thread#1" [stack: 0x000000ce1a500000,0x000000ce1a600000] [id=10068]

Threads with active compile tasks:
C2 CompilerThread0  3395334 9502   !   4       org.eclipse.jdt.internal.core.search.indexing.BinaryIndexer::indexDocument (1144 bytes)

VM state: not at safepoint (normal execution)

VM Mutex/Monitor currently owned by a thread: None

Heap address: 0x00000000c0000000, size: 1024 MB, Compressed Oops mode: 32-bit

CDS archive(s) not mapped
Compressed class space mapped at: 0x0000000100000000-0x0000000140000000, reserved size: 1073741824
Narrow klass base: 0x0000000000000000, Narrow klass shift: 3, Narrow klass range: 0x140000000

GC Precious Log:
 CPUs: 2 total, 2 available
 Memory: 5939M
 Large Page Support: Disabled
 NUMA Support: Disabled
 Compressed Oops: Enabled (32-bit)
 Alignments: Space 512K, Generation 512K, Heap 2M
 Heap Min Capacity: 100M
 Heap Initial Capacity: 100M
 Heap Max Capacity: 1G
 Pre-touch: Disabled
 Parallel Workers: 2

Heap:
 PSYoungGen      total 19968K, used 6551K [0x00000000eab00000, 0x00000000ec580000, 0x0000000100000000)
  eden space 16896K, 20% used [0x00000000eab00000,0x00000000eae69460,0x00000000ebb80000)
  from space 3072K, 99% used [0x00000000ebb80000,0x00000000ebe7c8d8,0x00000000ebe80000)
  to   space 5120K, 0% used [0x00000000ec080000,0x00000000ec080000,0x00000000ec580000)
 ParOldGen       total 275968K, used 230980K [0x00000000c0000000, 0x00000000d0d80000, 0x00000000eab00000)
  object space 275968K, 83% used [0x00000000c0000000,0x00000000ce191060,0x00000000d0d80000)
 Metaspace       used 71028K, committed 71936K, reserved 1114112K
  class space    used 7506K, committed 7936K, reserved 1048576K

Card table byte_map: [0x00000255a2210000,0x00000255a2420000] _byte_map_base: 0x00000255a1c10000

Marking Bits: (ParMarkBitMap*) 0x00007ffe4d083af0
 Begin Bits: [0x00000255a2580000, 0x00000255a3580000)
 End Bits:   [0x00000255a3580000, 0x00000255a4580000)

Polling page: 0x000002558ec70000

Metaspace:

Usage:
  Non-class:     62.03 MB used.
      Class:      7.33 MB used.
       Both:     69.36 MB used.

Virtual space:
  Non-class space:       64.00 MB reserved,      62.50 MB ( 98%) committed,  8 nodes.
      Class space:        1.00 GB reserved,       7.75 MB ( <1%) committed,  1 nodes.
             Both:        1.06 GB reserved,      70.25 MB (  6%) committed. 

Chunk freelists:
   Non-Class:  1.19 MB
       Class:  290.00 KB
        Both:  1.48 MB

MaxMetaspaceSize: unlimited
CompressedClassSpaceSize: 1.00 GB
Initial GC threshold: 21.00 MB
Current GC threshold: 100.44 MB
CDS: off
MetaspaceReclaimPolicy: balanced
 - commit_granule_bytes: 65536.
 - commit_granule_words: 8192.
 - virtual_space_node_default_size: 1048576.
 - enlarge_chunks_in_place: 1.
 - new_chunks_are_fully_committed: 0.
 - uncommit_free_chunks: 1.
 - use_allocation_guard: 0.
 - handle_deallocations: 1.


Internal statistics:

num_allocs_failed_limit: 6.
num_arena_births: 472.
num_arena_deaths: 0.
num_vsnodes_births: 9.
num_vsnodes_deaths: 0.
num_space_committed: 1124.
num_space_uncommitted: 0.
num_chunks_returned_to_freelist: 6.
num_chunks_taken_from_freelist: 3019.
num_chunk_merges: 6.
num_chunk_splits: 2000.
num_chunks_enlarged: 1281.
num_purges: 0.
num_inconsistent_stats: 0.

CodeHeap 'non-profiled nmethods': size=120064Kb used=5147Kb max_used=5447Kb free=114916Kb
 bounds [0x000002559aaf0000, 0x000002559b050000, 0x00000255a2030000]
CodeHeap 'profiled nmethods': size=120000Kb used=17077Kb max_used=17848Kb free=102922Kb
 bounds [0x00000255935c0000, 0x0000025594730000, 0x000002559aaf0000]
CodeHeap 'non-nmethods': size=5696Kb used=1394Kb max_used=1442Kb free=4301Kb
 bounds [0x0000025593030000, 0x00000255932a0000, 0x00000255935c0000]
 total_blobs=8482 nmethods=7739 adapters=656
 compilation: enabled
              stopped_count=0, restarted_count=0
 full_count=0

Compilation events (20 events):
Event: 3392.179 Thread 0x00000255a48f00e0 nmethod 9490 0x000002559ac67c90 code [0x000002559ac68040, 0x000002559ac695b0]
Event: 3392.179 Thread 0x00000255a48f00e0 9495       4       org.eclipse.core.runtime.Path::removeFirstSegments (94 bytes)
Event: 3392.226 Thread 0x00000255a48f00e0 nmethod 9495 0x000002559af1ec10 code [0x000002559af1ee00, 0x000002559af1f950]
Event: 3392.421 Thread 0x00000255a494e510 9496 %     3       org.eclipse.jdt.internal.core.index.DiskIndex::mergeCategory @ 66 (301 bytes)
Event: 3392.424 Thread 0x00000255a494e510 nmethod 9496% 0x00000255936b9310 code [0x00000255936b9600, 0x00000255936baaf8]
Event: 3392.424 Thread 0x00000255a494e510 9497       3       org.eclipse.jdt.internal.core.index.DiskIndex::mergeCategory (301 bytes)
Event: 3392.427 Thread 0x00000255a494e510 nmethod 9497 0x00000255944f9c90 code [0x00000255944f9f60, 0x00000255944fb158]
Event: 3392.445 Thread 0x00000255a48f00e0 9498 %     4       org.eclipse.jdt.internal.core.index.DiskIndex::mergeCategory @ 66 (301 bytes)
Event: 3392.484 Thread 0x00000255a48f00e0 nmethod 9498% 0x000002559ae85110 code [0x000002559ae852e0, 0x000002559ae861c8]
Event: 3392.615 Thread 0x00000255a48f00e0 9499       4       org.eclipse.jdt.internal.core.index.DiskIndex::mergeCategory (301 bytes)
Event: 3392.674 Thread 0x00000255a48f00e0 nmethod 9499 0x000002559ae83310 code [0x000002559ae83540, 0x000002559ae84560]
Event: 3393.361 Thread 0x00000255a48f00e0 9500       4       org.eclipse.jdt.internal.core.search.indexing.BinaryIndexer::addTypeReference (92 bytes)
Event: 3393.371 Thread 0x00000255a48f00e0 nmethod 9500 0x000002559ac67210 code [0x000002559ac673a0, 0x000002559ac67788]
Event: 3393.371 Thread 0x00000255a48f00e0 9501 %     4       org.eclipse.jdt.internal.core.search.indexing.BinaryIndexer::extractReferenceFromConstantPool @ 147 (341 bytes)
Event: 3393.537 Thread 0x00000255a494e510 9504  s    3       org.eclipse.jdt.internal.core.search.processing.JobManager::awaitingJobsCount (21 bytes)
Event: 3393.538 Thread 0x00000255a494e510 nmethod 9504 0x0000025593c81c90 code [0x0000025593c81e40, 0x0000025593c82108]
Event: 3393.556 Thread 0x00000255a494e510 9505   !   3       org.eclipse.jdt.internal.core.index.DiskIndex::mergeWith (599 bytes)
Event: 3393.565 Thread 0x00000255a494e510 nmethod 9505 0x0000025593b5a010 code [0x0000025593b5a840, 0x0000025593b5ec88]
Event: 3394.241 Thread 0x00000255a48f00e0 nmethod 9501% 0x000002559ae62790 code [0x000002559ae62d60, 0x000002559ae6b410]
Event: 3394.241 Thread 0x00000255a48f00e0 9502   !   4       org.eclipse.jdt.internal.core.search.indexing.BinaryIndexer::indexDocument (1144 bytes)

GC Heap History (20 events):
Event: 147.429 GC heap before
{Heap before GC invocations=106 (full 10):
 PSYoungGen      total 22016K, used 22011K [0x00000000eab00000, 0x00000000ed080000, 0x0000000100000000)
  eden space 16896K, 100% used [0x00000000eab00000,0x00000000ebb80000,0x00000000ebb80000)
  from space 5120K, 99% used [0x00000000ec400000,0x00000000ec8fed90,0x00000000ec900000)
  to   space 7680K, 0% used [0x00000000ec900000,0x00000000ec900000,0x00000000ed080000)
 ParOldGen       total 275968K, used 220093K [0x00000000c0000000, 0x00000000d0d80000, 0x00000000eab00000)
  object space 275968K, 79% used [0x00000000c0000000,0x00000000cd6ef470,0x00000000d0d80000)
 Metaspace       used 62534K, committed 63424K, reserved 1105920K
  class space    used 6510K, committed 6848K, reserved 1048576K
}
Event: 147.440 GC heap after
{Heap after GC invocations=106 (full 10):
 PSYoungGen      total 20992K, used 3838K [0x00000000eab00000, 0x00000000ecd00000, 0x0000000100000000)
  eden space 16896K, 0% used [0x00000000eab00000,0x00000000eab00000,0x00000000ebb80000)
  from space 4096K, 93% used [0x00000000ec900000,0x00000000eccbfa00,0x00000000ecd00000)
  to   space 6144K, 0% used [0x00000000ec100000,0x00000000ec100000,0x00000000ec700000)
 ParOldGen       total 275968K, used 222370K [0x00000000c0000000, 0x00000000d0d80000, 0x00000000eab00000)
  object space 275968K, 80% used [0x00000000c0000000,0x00000000cd9288e8,0x00000000d0d80000)
 Metaspace       used 62534K, committed 63424K, reserved 1105920K
  class space    used 6510K, committed 6848K, reserved 1048576K
}
Event: 149.726 GC heap before
{Heap before GC invocations=107 (full 10):
 PSYoungGen      total 20992K, used 20619K [0x00000000eab00000, 0x00000000ecd00000, 0x0000000100000000)
  eden space 16896K, 99% used [0x00000000eab00000,0x00000000ebb63570,0x00000000ebb80000)
  from space 4096K, 93% used [0x00000000ec900000,0x00000000eccbfa00,0x00000000ecd00000)
  to   space 6144K, 0% used [0x00000000ec100000,0x00000000ec100000,0x00000000ec700000)
 ParOldGen       total 275968K, used 222370K [0x00000000c0000000, 0x00000000d0d80000, 0x00000000eab00000)
  object space 275968K, 80% used [0x00000000c0000000,0x00000000cd9288e8,0x00000000d0d80000)
 Metaspace       used 66396K, committed 67392K, reserved 1114112K
  class space    used 6983K, committed 7424K, reserved 1048576K
}
Event: 149.744 GC heap after
{Heap after GC invocations=107 (full 10):
 PSYoungGen      total 22528K, used 5524K [0x00000000eab00000, 0x00000000ec980000, 0x0000000100000000)
  eden space 16896K, 0% used [0x00000000eab00000,0x00000000eab00000,0x00000000ebb80000)
  from space 5632K, 98% used [0x00000000ec100000,0x00000000ec665078,0x00000000ec680000)
  to   space 3072K, 0% used [0x00000000ec680000,0x00000000ec680000,0x00000000ec980000)
 ParOldGen       total 275968K, used 222378K [0x00000000c0000000, 0x00000000d0d80000, 0x00000000eab00000)
  object space 275968K, 80% used [0x00000000c0000000,0x00000000cd92a8e8,0x00000000d0d80000)
 Metaspace       used 66396K, committed 67392K, reserved 1114112K
  class space    used 6983K, committed 7424K, reserved 1048576K
}
Event: 288.147 GC heap before
{Heap before GC invocations=108 (full 10):
 PSYoungGen      total 22528K, used 22420K [0x00000000eab00000, 0x00000000ec980000, 0x0000000100000000)
  eden space 16896K, 100% used [0x00000000eab00000,0x00000000ebb80000,0x00000000ebb80000)
  from space 5632K, 98% used [0x00000000ec100000,0x00000000ec665078,0x00000000ec680000)
  to   space 3072K, 0% used [0x00000000ec680000,0x00000000ec680000,0x00000000ec980000)
 ParOldGen       total 275968K, used 222378K [0x00000000c0000000, 0x00000000d0d80000, 0x00000000eab00000)
  object space 275968K, 80% used [0x00000000c0000000,0x00000000cd92a8e8,0x00000000d0d80000)
 Metaspace       used 69930K, committed 70848K, reserved 1114112K
  class space    used 7463K, committed 7872K, reserved 1048576K
}
Event: 288.159 GC heap after
{Heap after GC invocations=108 (full 10):
 PSYoungGen      total 19968K, used 3065K [0x00000000eab00000, 0x00000000ec980000, 0x0000000100000000)
  eden space 16896K, 0% used [0x00000000eab00000,0x00000000eab00000,0x00000000ebb80000)
  from space 3072K, 99% used [0x00000000ec680000,0x00000000ec97e540,0x00000000ec980000)
  to   space 4608K, 0% used [0x00000000ec080000,0x00000000ec080000,0x00000000ec500000)
 ParOldGen       total 275968K, used 223045K [0x00000000c0000000, 0x00000000d0d80000, 0x00000000eab00000)
  object space 275968K, 80% used [0x00000000c0000000,0x00000000cd9d15a0,0x00000000d0d80000)
 Metaspace       used 69930K, committed 70848K, reserved 1114112K
  class space    used 7463K, committed 7872K, reserved 1048576K
}
Event: 403.250 GC heap before
{Heap before GC invocations=109 (full 10):
 PSYoungGen      total 19968K, used 19961K [0x00000000eab00000, 0x00000000ec980000, 0x0000000100000000)
  eden space 16896K, 100% used [0x00000000eab00000,0x00000000ebb80000,0x00000000ebb80000)
  from space 3072K, 99% used [0x00000000ec680000,0x00000000ec97e540,0x00000000ec980000)
  to   space 4608K, 0% used [0x00000000ec080000,0x00000000ec080000,0x00000000ec500000)
 ParOldGen       total 275968K, used 223045K [0x00000000c0000000, 0x00000000d0d80000, 0x00000000eab00000)
  object space 275968K, 80% used [0x00000000c0000000,0x00000000cd9d15a0,0x00000000d0d80000)
 Metaspace       used 70588K, committed 71552K, reserved 1114112K
  class space    used 7495K, committed 7936K, reserved 1048576K
}
Event: 403.265 GC heap after
{Heap after GC invocations=109 (full 10):
 PSYoungGen      total 18944K, used 1840K [0x00000000eab00000, 0x00000000ec700000, 0x0000000100000000)
  eden space 16896K, 0% used [0x00000000eab00000,0x00000000eab00000,0x00000000ebb80000)
  from space 2048K, 89% used [0x00000000ec080000,0x00000000ec24c330,0x00000000ec280000)
  to   space 3072K, 0% used [0x00000000ec400000,0x00000000ec400000,0x00000000ec700000)
 ParOldGen       total 275968K, used 224367K [0x00000000c0000000, 0x00000000d0d80000, 0x00000000eab00000)
  object space 275968K, 81% used [0x00000000c0000000,0x00000000cdb1bff0,0x00000000d0d80000)
 Metaspace       used 70588K, committed 71552K, reserved 1114112K
  class space    used 7495K, committed 7936K, reserved 1048576K
}
Event: 480.941 GC heap before
{Heap before GC invocations=110 (full 10):
 PSYoungGen      total 18944K, used 18736K [0x00000000eab00000, 0x00000000ec700000, 0x0000000100000000)
  eden space 16896K, 100% used [0x00000000eab00000,0x00000000ebb80000,0x00000000ebb80000)
  from space 2048K, 89% used [0x00000000ec080000,0x00000000ec24c330,0x00000000ec280000)
  to   space 3072K, 0% used [0x00000000ec400000,0x00000000ec400000,0x00000000ec700000)
 ParOldGen       total 275968K, used 224367K [0x00000000c0000000, 0x00000000d0d80000, 0x00000000eab00000)
  object space 275968K, 81% used [0x00000000c0000000,0x00000000cdb1bff0,0x00000000d0d80000)
 Metaspace       used 70683K, committed 71616K, reserved 1114112K
  class space    used 7495K, committed 7936K, reserved 1048576K
}
Event: 480.958 GC heap after
{Heap after GC invocations=110 (full 10):
 PSYoungGen      total 19968K, used 3069K [0x00000000eab00000, 0x00000000ecb80000, 0x0000000100000000)
  eden space 16896K, 0% used [0x00000000eab00000,0x00000000eab00000,0x00000000ebb80000)
  from space 3072K, 99% used [0x00000000ec400000,0x00000000ec6ff540,0x00000000ec700000)
  to   space 8192K, 0% used [0x00000000ebb80000,0x00000000ebb80000,0x00000000ec380000)
 ParOldGen       total 275968K, used 228154K [0x00000000c0000000, 0x00000000d0d80000, 0x00000000eab00000)
  object space 275968K, 82% used [0x00000000c0000000,0x00000000cdecea08,0x00000000d0d80000)
 Metaspace       used 70683K, committed 71616K, reserved 1114112K
  class space    used 7495K, committed 7936K, reserved 1048576K
}
Event: 484.667 GC heap before
{Heap before GC invocations=111 (full 10):
 PSYoungGen      total 19968K, used 19965K [0x00000000eab00000, 0x00000000ecb80000, 0x0000000100000000)
  eden space 16896K, 100% used [0x00000000eab00000,0x00000000ebb80000,0x00000000ebb80000)
  from space 3072K, 99% used [0x00000000ec400000,0x00000000ec6ff540,0x00000000ec700000)
  to   space 8192K, 0% used [0x00000000ebb80000,0x00000000ebb80000,0x00000000ec380000)
 ParOldGen       total 275968K, used 228154K [0x00000000c0000000, 0x00000000d0d80000, 0x00000000eab00000)
  object space 275968K, 82% used [0x00000000c0000000,0x00000000cdecea08,0x00000000d0d80000)
 Metaspace       used 70706K, committed 71616K, reserved 1114112K
  class space    used 7495K, committed 7936K, reserved 1048576K
}
Event: 484.683 GC heap after
{Heap after GC invocations=111 (full 10):
 PSYoungGen      total 23040K, used 5751K [0x00000000eab00000, 0x00000000ec780000, 0x0000000100000000)
  eden space 16896K, 0% used [0x00000000eab00000,0x00000000eab00000,0x00000000ebb80000)
  from space 6144K, 93% used [0x00000000ebb80000,0x00000000ec11dd30,0x00000000ec180000)
  to   space 6144K, 0% used [0x00000000ec180000,0x00000000ec180000,0x00000000ec780000)
 ParOldGen       total 275968K, used 229726K [0x00000000c0000000, 0x00000000d0d80000, 0x00000000eab00000)
  object space 275968K, 83% used [0x00000000c0000000,0x00000000ce057998,0x00000000d0d80000)
 Metaspace       used 70706K, committed 71616K, reserved 1114112K
  class space    used 7495K, committed 7936K, reserved 1048576K
}
Event: 485.310 GC heap before
{Heap before GC invocations=112 (full 10):
 PSYoungGen      total 23040K, used 22647K [0x00000000eab00000, 0x00000000ec780000, 0x0000000100000000)
  eden space 16896K, 100% used [0x00000000eab00000,0x00000000ebb80000,0x00000000ebb80000)
  from space 6144K, 93% used [0x00000000ebb80000,0x00000000ec11dd30,0x00000000ec180000)
  to   space 6144K, 0% used [0x00000000ec180000,0x00000000ec180000,0x00000000ec780000)
 ParOldGen       total 275968K, used 229726K [0x00000000c0000000, 0x00000000d0d80000, 0x00000000eab00000)
  object space 275968K, 83% used [0x00000000c0000000,0x00000000ce057998,0x00000000d0d80000)
 Metaspace       used 70750K, committed 71680K, reserved 1114112K
  class space    used 7495K, committed 7936K, reserved 1048576K
}
Event: 485.318 GC heap after
{Heap after GC invocations=112 (full 10):
 PSYoungGen      total 21504K, used 4375K [0x00000000eab00000, 0x00000000ec600000, 0x0000000100000000)
  eden space 16896K, 0% used [0x00000000eab00000,0x00000000eab00000,0x00000000ebb80000)
  from space 4608K, 94% used [0x00000000ec180000,0x00000000ec5c5d30,0x00000000ec600000)
  to   space 5120K, 0% used [0x00000000ebc00000,0x00000000ebc00000,0x00000000ec100000)
 ParOldGen       total 275968K, used 229726K [0x00000000c0000000, 0x00000000d0d80000, 0x00000000eab00000)
  object space 275968K, 83% used [0x00000000c0000000,0x00000000ce057998,0x00000000d0d80000)
 Metaspace       used 70750K, committed 71680K, reserved 1114112K
  class space    used 7495K, committed 7936K, reserved 1048576K
}
Event: 628.464 GC heap before
{Heap before GC invocations=113 (full 10):
 PSYoungGen      total 21504K, used 21271K [0x00000000eab00000, 0x00000000ec600000, 0x0000000100000000)
  eden space 16896K, 100% used [0x00000000eab00000,0x00000000ebb80000,0x00000000ebb80000)
  from space 4608K, 94% used [0x00000000ec180000,0x00000000ec5c5d30,0x00000000ec600000)
  to   space 5120K, 0% used [0x00000000ebc00000,0x00000000ebc00000,0x00000000ec100000)
 ParOldGen       total 275968K, used 229726K [0x00000000c0000000, 0x00000000d0d80000, 0x00000000eab00000)
  object space 275968K, 83% used [0x00000000c0000000,0x00000000ce057998,0x00000000d0d80000)
 Metaspace       used 70774K, committed 71680K, reserved 1114112K
  class space    used 7497K, committed 7936K, reserved 1048576K
}
Event: 628.472 GC heap after
{Heap after GC invocations=113 (full 10):
 PSYoungGen      total 19456K, used 2412K [0x00000000eab00000, 0x00000000ec280000, 0x0000000100000000)
  eden space 16896K, 0% used [0x00000000eab00000,0x00000000eab00000,0x00000000ebb80000)
  from space 2560K, 94% used [0x00000000ebc00000,0x00000000ebe5b210,0x00000000ebe80000)
  to   space 3584K, 0% used [0x00000000ebf00000,0x00000000ebf00000,0x00000000ec280000)
 ParOldGen       total 275968K, used 229734K [0x00000000c0000000, 0x00000000d0d80000, 0x00000000eab00000)
  object space 275968K, 83% used [0x00000000c0000000,0x00000000ce059998,0x00000000d0d80000)
 Metaspace       used 70774K, committed 71680K, reserved 1114112K
  class space    used 7497K, committed 7936K, reserved 1048576K
}
Event: 2545.242 GC heap before
{Heap before GC invocations=114 (full 10):
 PSYoungGen      total 19456K, used 19308K [0x00000000eab00000, 0x00000000ec280000, 0x0000000100000000)
  eden space 16896K, 100% used [0x00000000eab00000,0x00000000ebb80000,0x00000000ebb80000)
  from space 2560K, 94% used [0x00000000ebc00000,0x00000000ebe5b210,0x00000000ebe80000)
  to   space 3584K, 0% used [0x00000000ebf00000,0x00000000ebf00000,0x00000000ec280000)
 ParOldGen       total 275968K, used 229734K [0x00000000c0000000, 0x00000000d0d80000, 0x00000000eab00000)
  object space 275968K, 83% used [0x00000000c0000000,0x00000000ce059998,0x00000000d0d80000)
 Metaspace       used 71004K, committed 71936K, reserved 1114112K
  class space    used 7505K, committed 7936K, reserved 1048576K
}
Event: 2545.255 GC heap after
{Heap after GC invocations=114 (full 10):
 PSYoungGen      total 19456K, used 2476K [0x00000000eab00000, 0x00000000ec180000, 0x0000000100000000)
  eden space 16896K, 0% used [0x00000000eab00000,0x00000000eab00000,0x00000000ebb80000)
  from space 2560K, 96% used [0x00000000ebf00000,0x00000000ec16b210,0x00000000ec180000)
  to   space 3072K, 0% used [0x00000000ebb80000,0x00000000ebb80000,0x00000000ebe80000)
 ParOldGen       total 275968K, used 229742K [0x00000000c0000000, 0x00000000d0d80000, 0x00000000eab00000)
  object space 275968K, 83% used [0x00000000c0000000,0x00000000ce05b998,0x00000000d0d80000)
 Metaspace       used 71004K, committed 71936K, reserved 1114112K
  class space    used 7505K, committed 7936K, reserved 1048576K
}
Event: 3392.544 GC heap before
{Heap before GC invocations=115 (full 10):
 PSYoungGen      total 19456K, used 19372K [0x00000000eab00000, 0x00000000ec180000, 0x0000000100000000)
  eden space 16896K, 100% used [0x00000000eab00000,0x00000000ebb80000,0x00000000ebb80000)
  from space 2560K, 96% used [0x00000000ebf00000,0x00000000ec16b210,0x00000000ec180000)
  to   space 3072K, 0% used [0x00000000ebb80000,0x00000000ebb80000,0x00000000ebe80000)
 ParOldGen       total 275968K, used 229742K [0x00000000c0000000, 0x00000000d0d80000, 0x00000000eab00000)
  object space 275968K, 83% used [0x00000000c0000000,0x00000000ce05b998,0x00000000d0d80000)
 Metaspace       used 71026K, committed 71936K, reserved 1114112K
  class space    used 7506K, committed 7936K, reserved 1048576K
}
Event: 3392.562 GC heap after
{Heap after GC invocations=115 (full 10):
 PSYoungGen      total 19968K, used 3058K [0x00000000eab00000, 0x00000000ec580000, 0x0000000100000000)
  eden space 16896K, 0% used [0x00000000eab00000,0x00000000eab00000,0x00000000ebb80000)
  from space 3072K, 99% used [0x00000000ebb80000,0x00000000ebe7c8d8,0x00000000ebe80000)
  to   space 5120K, 0% used [0x00000000ec080000,0x00000000ec080000,0x00000000ec580000)
 ParOldGen       total 275968K, used 230980K [0x00000000c0000000, 0x00000000d0d80000, 0x00000000eab00000)
  object space 275968K, 83% used [0x00000000c0000000,0x00000000ce191060,0x00000000d0d80000)
 Metaspace       used 71026K, committed 71936K, reserved 1114112K
  class space    used 7506K, committed 7936K, reserved 1048576K
}

Deoptimization events (20 events):
Event: 3391.138 Thread 0x00000255a6371530 Uncommon trap: trap_request=0xfffffff4 fr.pc=0x000002559af3f780 relative=0x0000000000001b20
Event: 3391.138 Thread 0x00000255a6371530 Uncommon trap: reason=null_check action=make_not_entrant pc=0x000002559af3f780 method=org.eclipse.jdt.internal.core.index.DiskIndex.readCategoryTable([CZ)Lorg/eclipse/jdt/internal/compiler/util/HashtableOfObject; @ 85 c2
Event: 3391.138 Thread 0x00000255a6371530 DEOPT PACKING pc=0x000002559af3f780 sp=0x000000ce1aefebb0
Event: 3391.138 Thread 0x00000255a6371530 DEOPT UNPACKING pc=0x000002559308209d sp=0x000000ce1aefeb80 mode 2
Event: 3391.564 Thread 0x00000255a6371530 Uncommon trap: trap_request=0xffffff45 fr.pc=0x000002559af2451c relative=0x000000000000047c
Event: 3391.564 Thread 0x00000255a6371530 Uncommon trap: reason=unstable_if action=reinterpret pc=0x000002559af2451c method=org.eclipse.jdt.internal.core.index.DiskIndex.readStreamDocumentArray(Ljava/io/InputStream;I)[I @ 17 c2
Event: 3391.564 Thread 0x00000255a6371530 DEOPT PACKING pc=0x000002559af2451c sp=0x000000ce1aefeac0
Event: 3391.564 Thread 0x00000255a6371530 DEOPT UNPACKING pc=0x000002559308209d sp=0x000000ce1aefea70 mode 2
Event: 3391.641 Thread 0x00000255a6371530 Uncommon trap: trap_request=0xffffff45 fr.pc=0x000002559af385a0 relative=0x0000000000001220
Event: 3391.641 Thread 0x00000255a6371530 Uncommon trap: reason=unstable_if action=reinterpret pc=0x000002559af385a0 method=org.eclipse.jdt.internal.core.index.DiskIndex.readStreamDocumentArray(Ljava/io/InputStream;I)[I @ 17 c2
Event: 3391.641 Thread 0x00000255a6371530 DEOPT PACKING pc=0x000002559af385a0 sp=0x000000ce1aefeb50
Event: 3391.641 Thread 0x00000255a6371530 DEOPT UNPACKING pc=0x000002559308209d sp=0x000000ce1aefea80 mode 2
Event: 3391.997 Thread 0x00000255a6371530 DEOPT PACKING pc=0x00000255938071a5 sp=0x000000ce1aefea10
Event: 3391.997 Thread 0x00000255a6371530 DEOPT UNPACKING pc=0x0000025593082824 sp=0x000000ce1aefe008 mode 0
Event: 3392.615 Thread 0x00000255a6371530 DEOPT PACKING pc=0x00000255944faef1 sp=0x000000ce1aefec00
Event: 3392.615 Thread 0x00000255a6371530 DEOPT UNPACKING pc=0x0000025593082824 sp=0x000000ce1aefe0d8 mode 0
Event: 3392.639 Thread 0x00000255a6371530 Uncommon trap: trap_request=0xffffff45 fr.pc=0x000002559ae85f80 relative=0x0000000000000ca0
Event: 3392.639 Thread 0x00000255a6371530 Uncommon trap: reason=unstable_if action=reinterpret pc=0x000002559ae85f80 method=org.eclipse.jdt.internal.core.index.DiskIndex.mergeCategory([CLorg/eclipse/jdt/internal/core/index/DiskIndex;[ILjava/io/FileOutputStream;)V @ 185 c2
Event: 3392.639 Thread 0x00000255a6371530 DEOPT PACKING pc=0x000002559ae85f80 sp=0x000000ce1aefec30
Event: 3392.639 Thread 0x00000255a6371530 DEOPT UNPACKING pc=0x000002559308209d sp=0x000000ce1aefebf0 mode 2

Classes unloaded (0 events):
No events

Classes redefined (0 events):
No events

Internal exceptions (20 events):
Event: 145.094 Thread 0x00000255a6371a00 Exception <a 'sun/nio/fs/WindowsException'{0x00000000eb580428}> (0x00000000eb580428) 
thrown [e:\jenkins\tmp\workspace\build\src\src\hotspot\share\prims\jni.cpp, line 516]
Event: 145.099 Thread 0x00000255a6371a00 Exception <a 'sun/nio/fs/WindowsException'{0x00000000eb58e2a8}> (0x00000000eb58e2a8) 
thrown [e:\jenkins\tmp\workspace\build\src\src\hotspot\share\prims\jni.cpp, line 516]
Event: 150.944 Thread 0x00000255a6371530 Exception <a 'sun/nio/fs/WindowsException'{0x00000000eabcc180}> (0x00000000eabcc180) 
thrown [e:\jenkins\tmp\workspace\build\src\src\hotspot\share\prims\jni.cpp, line 516]
Event: 151.861 Thread 0x00000255a6371530 Implicit null exception at 0x000002559af35f99 to 0x000002559af369ac
Event: 151.861 Thread 0x00000255a6371530 Implicit null exception at 0x000002559af3bcd2 to 0x000002559af3c198
Event: 155.307 Thread 0x00000255a9ad2ef0 Exception <a 'java/io/FileNotFoundException'{0x00000000eafa0e08}> (0x00000000eafa0e08) 
thrown [e:\jenkins\tmp\workspace\build\src\src\hotspot\share\prims\jni.cpp, line 516]
Event: 155.573 Thread 0x00000255a9acf060 Exception <a 'java/io/FileNotFoundException'{0x00000000eb135610}> (0x00000000eb135610) 
thrown [e:\jenkins\tmp\workspace\build\src\src\hotspot\share\prims\jni.cpp, line 516]
Event: 155.798 Thread 0x00000255a9acf060 Exception <a 'java/lang/NoSuchMethodError'{0x00000000eb5874e0}: 'java.lang.Object java.lang.invoke.DirectMethodHandle$Holder.invokeVirtual(java.lang.Object, java.lang.Object, java.lang.Object, java.lang.Object)'> (0x00000000eb5874e0) 
thrown [e:\jenkins\tmp\workspace\build\src\src\hotspot\share\interpreter\linkResolver.cpp, line 766]
Event: 155.890 Thread 0x00000255a9ad4bd0 Exception <a 'java/lang/NoSuchMethodError'{0x00000000eb6b29b0}: 'java.lang.Object java.lang.invoke.DirectMethodHandle$Holder.invokeStatic(java.lang.Object, long, java.lang.Object, java.lang.Object)'> (0x00000000eb6b29b0) 
thrown [e:\jenkins\tmp\workspace\build\src\src\hotspot\share\interpreter\linkResolver.cpp, line 766]
Event: 155.891 Thread 0x00000255a9ad4bd0 Exception <a 'java/lang/NoSuchMethodError'{0x00000000eb6b9798}: 'java.lang.Object java.lang.invoke.DirectMethodHandle$Holder.newInvokeSpecial(java.lang.Object, long)'> (0x00000000eb6b9798) 
thrown [e:\jenkins\tmp\workspace\build\src\src\hotspot\share\interpreter\linkResolver.cpp, line 766]
Event: 369.996 Thread 0x00000255a9ad4230 Implicit null exception at 0x000002559afeb526 to 0x000002559afebf08
Event: 369.997 Thread 0x00000255a9ad4230 Implicit null exception at 0x000002559afecc44 to 0x000002559afecd98
Event: 2522.934 Thread 0x00000255a6371a00 Exception <a 'sun/nio/fs/WindowsException'{0x00000000eb430d28}> (0x00000000eb430d28) 
thrown [e:\jenkins\tmp\workspace\build\src\src\hotspot\share\prims\jni.cpp, line 516]
Event: 2522.944 Thread 0x00000255a6371a00 Exception <a 'sun/nio/fs/WindowsException'{0x00000000eb4472e8}> (0x00000000eb4472e8) 
thrown [e:\jenkins\tmp\workspace\build\src\src\hotspot\share\prims\jni.cpp, line 516]
Event: 2523.022 Thread 0x00000255a6371a00 Exception <a 'sun/nio/fs/WindowsException'{0x00000000eb462cb0}> (0x00000000eb462cb0) 
thrown [e:\jenkins\tmp\workspace\build\src\src\hotspot\share\prims\jni.cpp, line 516]
Event: 2523.026 Thread 0x00000255a6371a00 Exception <a 'sun/nio/fs/WindowsException'{0x00000000eb46ab68}> (0x00000000eb46ab68) 
thrown [e:\jenkins\tmp\workspace\build\src\src\hotspot\share\prims\jni.cpp, line 516]
Event: 3391.137 Thread 0x00000255a6371530 Implicit null exception at 0x000002559af3dde6 to 0x000002559af3f75c
Event: 3391.373 Thread 0x00000255a6371530 Exception <a 'sun/nio/fs/WindowsException'{0x00000000ead94c18}> (0x00000000ead94c18) 
thrown [e:\jenkins\tmp\workspace\build\src\src\hotspot\share\prims\jni.cpp, line 516]
Event: 3392.763 Thread 0x00000255a6371530 Exception <a 'sun/nio/fs/WindowsException'{0x00000000eadde100}> (0x00000000eadde100) 
thrown [e:\jenkins\tmp\workspace\build\src\src\hotspot\share\prims\jni.cpp, line 516]
Event: 3393.606 Thread 0x00000255a6371530 Exception <a 'sun/nio/fs/WindowsException'{0x00000000eae3c540}> (0x00000000eae3c540) 
thrown [e:\jenkins\tmp\workspace\build\src\src\hotspot\share\prims\jni.cpp, line 516]

VM Operations (20 events):
Event: 2531.446 Executing VM operation: Cleanup
Event: 2531.446 Executing VM operation: Cleanup done
Event: 2536.487 Executing VM operation: Cleanup
Event: 2536.487 Executing VM operation: Cleanup done
Event: 2542.505 Executing VM operation: Cleanup
Event: 2542.505 Executing VM operation: Cleanup done
Event: 2545.242 Executing VM operation: ParallelGCFailedAllocation
Event: 2545.255 Executing VM operation: ParallelGCFailedAllocation done
Event: 2666.312 Executing VM operation: Cleanup
Event: 2666.312 Executing VM operation: Cleanup done
Event: 2823.270 Executing VM operation: Cleanup
Event: 2823.270 Executing VM operation: Cleanup done
Event: 3015.895 Executing VM operation: Cleanup
Event: 3015.895 Executing VM operation: Cleanup done
Event: 3391.196 Executing VM operation: Cleanup
Event: 3391.196 Executing VM operation: Cleanup done
Event: 3392.544 Executing VM operation: ParallelGCFailedAllocation
Event: 3392.562 Executing VM operation: ParallelGCFailedAllocation done
Event: 3394.577 Executing VM operation: Cleanup
Event: 3394.577 Executing VM operation: Cleanup done

Events (20 events):
Event: 2542.968 Thread 0x00000255a9ad4230 Thread exited: 0x00000255a9ad4230
Event: 2543.377 Thread 0x00000255a9acfa00 Thread added: 0x00000255a9acfa00
Event: 2543.395 Thread 0x00000255a9acfa00 Thread exited: 0x00000255a9acfa00
Event: 2544.028 Thread 0x00000255a9acf060 Thread added: 0x00000255a9acf060
Event: 2544.036 Thread 0x00000255a9acf060 Thread exited: 0x00000255a9acf060
Event: 2544.468 Thread 0x00000255a9ad2080 Thread added: 0x00000255a9ad2080
Event: 2544.543 Thread 0x00000255a9ad2080 Thread exited: 0x00000255a9ad2080
Event: 2545.201 Thread 0x00000255a9ad33c0 Thread added: 0x00000255a9ad33c0
Event: 2545.274 Thread 0x00000255a9ad33c0 Thread exited: 0x00000255a9ad33c0
Event: 2665.981 Thread 0x00000255a9ad2080 Thread added: 0x00000255a9ad2080
Event: 2666.057 Thread 0x00000255a9ad2a20 Thread added: 0x00000255a9ad2a20
Event: 2666.103 Thread 0x00000255a9ad2080 Thread exited: 0x00000255a9ad2080
Event: 2666.196 Thread 0x00000255a9ad2a20 Thread exited: 0x00000255a9ad2a20
Event: 2666.721 Thread 0x00000255a9ad4230 Thread added: 0x00000255a9ad4230
Event: 2666.750 Thread 0x00000255a9ad4230 Thread exited: 0x00000255a9ad4230
Event: 2683.350 Thread 0x00000255a9ad33c0 Thread added: 0x00000255a9ad33c0
Event: 2683.418 Thread 0x00000255a9ad33c0 Thread exited: 0x00000255a9ad33c0
Event: 2822.746 Thread 0x00000255a9ad2080 Thread added: 0x00000255a9ad2080
Event: 2822.774 Thread 0x00000255a9ad2080 Thread exited: 0x00000255a9ad2080
Event: 3393.613 Thread 0x00000255a9ad63e0 Thread added: 0x00000255a9ad63e0


Dynamic libraries:
0x00007ff785c60000 - 0x00007ff785c6e000 	c:\Users\novia\.vscode\extensions\redhat.java-1.6.0-win32-x64\jre\17.0.2-win32-x86_64\bin\java.exe
0x00007ffebba50000 - 0x00007ffebbc45000 	C:\Windows\SYSTEM32\ntdll.dll
0x00007ffebb440000 - 0x00007ffebb4fd000 	C:\Windows\System32\KERNEL32.DLL
0x00007ffeb93a0000 - 0x00007ffeb966d000 	C:\Windows\System32\KERNELBASE.dll
0x00007ffeb9670000 - 0x00007ffeb9770000 	C:\Windows\System32\ucrtbase.dll
0x00007ffe92fb0000 - 0x00007ffe92fc8000 	c:\Users\novia\.vscode\extensions\redhat.java-1.6.0-win32-x64\jre\17.0.2-win32-x86_64\bin\jli.dll
0x00007ffebb180000 - 0x00007ffebb320000 	C:\Windows\System32\USER32.dll
0x00007ffeb9770000 - 0x00007ffeb9792000 	C:\Windows\System32\win32u.dll
0x00007ffeb9e30000 - 0x00007ffeb9e5a000 	C:\Windows\System32\GDI32.dll
0x00007ffeb9200000 - 0x00007ffeb930b000 	C:\Windows\System32\gdi32full.dll
0x00007ffeb9160000 - 0x00007ffeb91fd000 	C:\Windows\System32\msvcp_win.dll
0x00007ffe92ff0000 - 0x00007ffe93009000 	c:\Users\novia\.vscode\extensions\redhat.java-1.6.0-win32-x64\jre\17.0.2-win32-x86_64\bin\VCRUNTIME140.dll
0x00007ffeaacc0000 - 0x00007ffeaaf5a000 	C:\Windows\WinSxS\amd64_microsoft.windows.common-controls_6595b64144ccf1df_6.0.19041.1110_none_60b5254171f9507e\COMCTL32.dll
0x00007ffeba340000 - 0x00007ffeba3de000 	C:\Windows\System32\msvcrt.dll
0x00007ffebb500000 - 0x00007ffebb530000 	C:\Windows\System32\IMM32.DLL
0x00007ffeafb40000 - 0x00007ffeafb4c000 	c:\Users\novia\.vscode\extensions\redhat.java-1.6.0-win32-x64\jre\17.0.2-win32-x86_64\bin\vcruntime140_1.dll
0x00007ffe5ef60000 - 0x00007ffe5eff1000 	c:\Users\novia\.vscode\extensions\redhat.java-1.6.0-win32-x64\jre\17.0.2-win32-x86_64\bin\msvcp140.dll
0x00007ffe4c500000 - 0x00007ffe4d147000 	c:\Users\novia\.vscode\extensions\redhat.java-1.6.0-win32-x64\jre\17.0.2-win32-x86_64\bin\server\jvm.dll
0x00007ffeba210000 - 0x00007ffeba2be000 	C:\Windows\System32\ADVAPI32.dll
0x00007ffeb9d90000 - 0x00007ffeb9e2c000 	C:\Windows\System32\sechost.dll
0x00007ffeba0e0000 - 0x00007ffeba205000 	C:\Windows\System32\RPCRT4.dll
0x00007ffeba0c0000 - 0x00007ffeba0c8000 	C:\Windows\System32\PSAPI.DLL
0x00007ffeafb10000 - 0x00007ffeafb19000 	C:\Windows\SYSTEM32\WSOCK32.dll
0x00007ffeba3e0000 - 0x00007ffeba44b000 	C:\Windows\System32\WS2_32.dll
0x00007ffeb4990000 - 0x00007ffeb49b7000 	C:\Windows\SYSTEM32\WINMM.dll
0x00007ffeaea50000 - 0x00007ffeaea5a000 	C:\Windows\SYSTEM32\VERSION.dll
0x00007ffeb7060000 - 0x00007ffeb7072000 	C:\Windows\SYSTEM32\kernel.appcore.dll
0x00007ffeaa5d0000 - 0x00007ffeaa5da000 	c:\Users\novia\.vscode\extensions\redhat.java-1.6.0-win32-x64\jre\17.0.2-win32-x86_64\bin\jimage.dll
0x00007ffeb0b90000 - 0x00007ffeb0d74000 	C:\Windows\SYSTEM32\DBGHELP.DLL
0x00007ffeb0b60000 - 0x00007ffeb0b8c000 	C:\Windows\SYSTEM32\dbgcore.DLL
0x00007ffeb9310000 - 0x00007ffeb9392000 	C:\Windows\System32\bcryptPrimitives.dll
0x00007ffe62470000 - 0x00007ffe62495000 	c:\Users\novia\.vscode\extensions\redhat.java-1.6.0-win32-x64\jre\17.0.2-win32-x86_64\bin\java.dll
0x00007ffe86500000 - 0x00007ffe86518000 	c:\Users\novia\.vscode\extensions\redhat.java-1.6.0-win32-x64\jre\17.0.2-win32-x86_64\bin\zip.dll
0x00007ffeba940000 - 0x00007ffebb084000 	C:\Windows\System32\SHELL32.dll
0x00007ffeb7260000 - 0x00007ffeb79f4000 	C:\Windows\SYSTEM32\windows.storage.dll
0x00007ffeba450000 - 0x00007ffeba7a4000 	C:\Windows\System32\combase.dll
0x00007ffeb8af0000 - 0x00007ffeb8b1c000 	C:\Windows\SYSTEM32\Wldp.dll
0x00007ffeb9b10000 - 0x00007ffeb9bbd000 	C:\Windows\System32\SHCORE.dll
0x00007ffeb9ab0000 - 0x00007ffeb9b05000 	C:\Windows\System32\shlwapi.dll
0x00007ffeb90a0000 - 0x00007ffeb90bf000 	C:\Windows\SYSTEM32\profapi.dll
0x00007ffe66410000 - 0x00007ffe66429000 	C:\Users\novia\.vscode\extensions\redhat.java-1.6.0-win32-x64\jre\17.0.2-win32-x86_64\bin\net.dll
0x00007ffeb2070000 - 0x00007ffeb217a000 	C:\Windows\SYSTEM32\WINHTTP.dll
0x00007ffeb8850000 - 0x00007ffeb88ba000 	C:\Windows\system32\mswsock.dll
0x00007ffe66390000 - 0x00007ffe663a5000 	C:\Users\novia\.vscode\extensions\redhat.java-1.6.0-win32-x64\jre\17.0.2-win32-x86_64\bin\nio.dll
0x00007ffeb8a50000 - 0x00007ffeb8a68000 	C:\Windows\SYSTEM32\CRYPTSP.dll
0x00007ffeb81d0000 - 0x00007ffeb8204000 	C:\Windows\system32\rsaenh.dll
0x00007ffeb99b0000 - 0x00007ffeb99d7000 	C:\Windows\System32\bcrypt.dll
0x00007ffeb9060000 - 0x00007ffeb908e000 	C:\Windows\SYSTEM32\USERENV.dll
0x00007ffeb8a40000 - 0x00007ffeb8a4c000 	C:\Windows\SYSTEM32\CRYPTBASE.dll
0x00007ffeb8540000 - 0x00007ffeb857b000 	C:\Windows\SYSTEM32\IPHLPAPI.DLL
0x00007ffeb9aa0000 - 0x00007ffeb9aa8000 	C:\Windows\System32\NSI.dll
0x00007ffeb1c10000 - 0x00007ffeb1c27000 	C:\Windows\SYSTEM32\dhcpcsvc6.DLL
0x00007ffeb1d40000 - 0x00007ffeb1d5d000 	C:\Windows\SYSTEM32\dhcpcsvc.DLL
0x00007ffeb85d0000 - 0x00007ffeb869b000 	C:\Windows\SYSTEM32\DNSAPI.dll
0x00007ffe61e80000 - 0x00007ffe61ebe000 	C:\Users\novia\AppData\Roaming\Code\User\globalStorage\redhat.java\1.6.0\config_win\org.eclipse.equinox.launcher\org.eclipse.equinox.launcher.win32.win32.x86_64_1.2.400.v20211117-0650\eclipse_11602.dll
0x00007ffeba7b0000 - 0x00007ffeba8da000 	C:\Windows\System32\ole32.dll
0x00007ffea2550000 - 0x00007ffea2560000 	c:\Users\novia\.vscode\extensions\redhat.java-1.6.0-win32-x64\jre\17.0.2-win32-x86_64\bin\verify.dll
0x00007ffe666b0000 - 0x00007ffe666f4000 	C:\Users\novia\AppData\Local\Temp\jna-105010861\jna115727566547823959.dll
0x00007ffeb4400000 - 0x00007ffeb440e000 	C:\Users\novia\.vscode\extensions\redhat.java-1.6.0-win32-x64\jre\17.0.2-win32-x86_64\bin\sunmscapi.dll
0x00007ffeb97a0000 - 0x00007ffeb98f6000 	C:\Windows\System32\CRYPT32.dll
0x00007ffeb8b60000 - 0x00007ffeb8b87000 	C:\Windows\SYSTEM32\ncrypt.dll
0x00007ffeb8b20000 - 0x00007ffeb8b5b000 	C:\Windows\SYSTEM32\NTASN1.dll
0x00007ffeb1120000 - 0x00007ffeb112a000 	C:\Windows\System32\rasadhlp.dll
0x00007ffeb1e00000 - 0x00007ffeb1e80000 	C:\Windows\System32\fwpuclnt.dll

dbghelp: loaded successfully - version: 4.0.5 - missing functions: none
symbol engine: initialized successfully - sym options: 0x614 - pdb path: .;c:\Users\novia\.vscode\extensions\redhat.java-1.6.0-win32-x64\jre\17.0.2-win32-x86_64\bin;C:\Windows\SYSTEM32;C:\Windows\WinSxS\amd64_microsoft.windows.common-controls_6595b64144ccf1df_6.0.19041.1110_none_60b5254171f9507e;c:\Users\novia\.vscode\extensions\redhat.java-1.6.0-win32-x64\jre\17.0.2-win32-x86_64\bin\server;C:\Users\novia\AppData\Roaming\Code\User\globalStorage\redhat.java\1.6.0\config_win\org.eclipse.equinox.launcher\org.eclipse.equinox.launcher.win32.win32.x86_64_1.2.400.v20211117-0650;C:\Users\novia\AppData\Local\Temp\jna-105010861

VM Arguments:
jvm_args: --add-modules=ALL-SYSTEM --add-opens=java.base/java.util=ALL-UNNAMED --add-opens=java.base/java.lang=ALL-UNNAMED --add-opens=java.base/sun.nio.fs=ALL-UNNAMED -Declipse.application=org.eclipse.jdt.ls.core.id1 -Dosgi.bundles.defaultStartLevel=4 -Declipse.product=org.eclipse.jdt.ls.core.product -Djava.import.generatesMetadataFilesAtProjectRoot=false -Dfile.encoding=utf8 -DwatchParentProcess=false -XX:+UseParallelGC -XX:GCTimeRatio=4 -XX:AdaptiveSizePolicyWeight=90 -Dsun.zip.disableMemoryMapping=true -Xmx1G -Xms100m -XX:+HeapDumpOnOutOfMemoryError -XX:HeapDumpPath=c:\Users\novia\AppData\Roaming\Code\User\workspaceStorage\cb1c70eea823bfaa06281cd6ed39a6a9\redhat.java 
java_command: c:\Users\novia\.vscode\extensions\redhat.java-1.6.0-win32-x64\server\plugins\org.eclipse.equinox.launcher_1.6.400.v20210924-0641.jar -configuration c:\Users\novia\AppData\Roaming\Code\User\globalStorage\redhat.java\1.6.0\config_win -data c:\Users\novia\AppData\Roaming\Code\User\workspaceStorage\cb1c70eea823bfaa06281cd6ed39a6a9\redhat.java\jdt_ws
java_class_path (initial): c:\Users\novia\.vscode\extensions\redhat.java-1.6.0-win32-x64\server\plugins\org.eclipse.equinox.launcher_1.6.400.v20210924-0641.jar
Launcher Type: SUN_STANDARD

[Global flags]
    uintx AdaptiveSizePolicyWeight                 = 90                                        {product} {command line}
     intx CICompilerCount                          = 2                                         {product} {ergonomic}
    uintx GCTimeRatio                              = 4                                         {product} {command line}
     bool HeapDumpOnOutOfMemoryError               = true                                   {manageable} {command line}
    ccstr HeapDumpPath                             = c:\Users\novia\AppData\Roaming\Code\User\workspaceStorage\cb1c70eea823bfaa06281cd6ed39a6a9\redhat.java         {manageable} {command line}
   size_t InitialHeapSize                          = 104857600                                 {product} {command line}
   size_t MaxHeapSize                              = 1073741824                                {product} {command line}
   size_t MaxNewSize                               = 357564416                                 {product} {ergonomic}
   size_t MinHeapDeltaBytes                        = 524288                                    {product} {ergonomic}
   size_t MinHeapSize                              = 104857600                                 {product} {command line}
   size_t NewSize                                  = 34603008                                  {product} {ergonomic}
    uintx NonNMethodCodeHeapSize                   = 5826188                                {pd product} {ergonomic}
    uintx NonProfiledCodeHeapSize                  = 122916026                              {pd product} {ergonomic}
   size_t OldSize                                  = 70254592                                  {product} {ergonomic}
    uintx ProfiledCodeHeapSize                     = 122916026                              {pd product} {ergonomic}
    uintx ReservedCodeCacheSize                    = 251658240                              {pd product} {ergonomic}
     bool SegmentedCodeCache                       = true                                      {product} {ergonomic}
   size_t SoftMaxHeapSize                          = 1073741824                             {manageable} {ergonomic}
     bool UseCompressedClassPointers               = true                           {product lp64_product} {ergonomic}
     bool UseCompressedOops                        = true                           {product lp64_product} {ergonomic}
     bool UseLargePagesIndividualAllocation        = false                                  {pd product} {ergonomic}
     bool UseParallelGC                            = true                                      {product} {command line}

Logging:
Log output configuration:
 #0: stdout all=warning uptime,level,tags
 #1: stderr all=off uptime,level,tags

Environment Variables:
PATH=C:\Program Files\Common Files\Oracle\Java\javapath;C:\Windows\system32;C:\Windows;C:\Windows\System32\Wbem;C:\Windows\System32\WindowsPowerShell\v1.0\;C:\Windows\System32\OpenSSH\;C:\Program Files\Git\cmd;C:\Program Files\Sublime Text 3\Lib\python38;C:\users\novia\AppData\Programs\Python\Python38;C:\Users\novia\AppData\Local\Programs\Python310\;C:\Users\novia\AppData\Local\Programs\Python310\Scripts\;C:\Users\novia\AppData\Local\Programs\Python\Python310\Scripts\;C:\Users\novia\AppData\Local\Programs\Python\Python310\;C:\Program Files\Common Files\Oracle\Java\javapath;C:\Windows\system32;C:\Windows;C:\Windows\System32\Wbem;C:\Windows\System32\WindowsPowerShell\v1.0\;C:\Windows\System32\OpenSSH\;C:\Program Files\Git\cmd;C:\Program Files\Sublime Text 3\Lib\python38;C:\users\novia\AppData\Programs\Python\Python38;C:\Program Files\Common Files\Oracle\Java\javapath;C:\Windows\system32;C:\Windows;C:\Windows\System32\Wbem;C:\Windows\System32\WindowsPowerShell\v1.0\;C:\Windows\System32\OpenSSH\;C:\Program Files\Git\cmd;C:\Program Files\Java\jdk-11.0.8\bin;C:\Users\novia\AppData\Local\Microsoft\WindowsApps;C:\Users\novia\AppData\Local\Programs\Microsoft VS Code\bin;C:\Python38\Scripts;C:\Python38\Scripts;C:\Program Files\JetBrains\PyCharm Community Edition 2021.3.2\bin;;
USERNAME=novia
OS=Windows_NT
PROCESSOR_IDENTIFIER=Intel64 Family 6 Model 58 Stepping 9, GenuineIntel



---------------  S Y S T E M  ---------------

OS:
 Windows 10 , 64 bit Build 19041 (10.0.19041.1706)
OS uptime: 2 days 9:52 hours

CPU: total 2 (initial active 2) (2 cores per cpu, 1 threads per core) family 6 model 58 stepping 9 microcode 0x21, cx8, cmov, fxsr, mmx, sse, sse2, sse3, ssse3, sse4.1, sse4.2, popcnt, tsc, tscinvbit, erms, clmul, clflush

Memory: 4k page, system-wide physical 5939M (1340M free)
TotalPageFile size 9219M (AvailPageFile size 1434M)
current process WorkingSet (physical memory assigned to process): 293M, peak: 749M
current process commit charge ("private bytes"): 504M, peak: 665M

vm_info: OpenJDK 64-Bit Server VM (17.0.2+8) for windows-amd64 JRE (17.0.2+8), built on Jan 20 2022 04:52:34 by "" with MS VC++ 16.7 (VS2019)

END.
